<?xml version="1.0" encoding="UTF-8"?>
<!-- Generated by org.testng.reporters.JUnitReportReporter -->
<testsuite hostname="LAPTOP-I3KNG9BL" failures="0" tests="3" name="Tests.HomePageTest" time="173.921" errors="0" timestamp="2020-08-01T17:18:59 IST" skipped="0">
  <testcase classname="Tests.HomePageTest" name="Test003" time="38.290"/>
  <system-out/>
  <testcase classname="Tests.HomePageTest" name="Test001" time="98.622"/>
  <system-out/>
  <testcase classname="Tests.HomePageTest" name="Test002" time="37.009"/>
  <system-out/>
</testsuite> <!-- Tests.HomePageTest -->
